C51 COMPILER V9.00   99S精确                                                               04/11/2012 19:13:29 PAGE 1   


C51 COMPILER V9.00, COMPILATION OF MODULE 99S精确
OBJECT MODULE PLACED IN 99s精确.OBJ
COMPILER INVOKED BY: C:\Keil\C51\BIN\C51.EXE 99s精确.c BROWSE DEBUG OBJECTEXTEND

line level    source

   1                                                                                   #include<reg52.h>
   2          #define uchar unsigned char
   3          #define uint unsigned int
   4          char i;
   5          char ctime=99;
   6          uchar code led[]={0xc0,0xf9,0xa4,0xb0,0x99,0x92,0x82,0xf8,0x80,0x90};
   7          void main()
   8          {
   9   1       TMOD=0X01;
  10   1        TH0=(65536-45872)/256;
  11   1        TL0=(65536-45872)%256;
  12   1        EA=1;
  13   1        ET0=1;
  14   1        TR0=1;
  15   1        while(1)
  16   1        {
  17   2         P0=led[ctime/10];
  18   2         P2=led[ctime%10];
  19   2       
  20   2        }
  21   1      
  22   1      }
  23             void time() interrupt 1
  24          {
  25   1        TH0=(65536-45872)/256;
  26   1        TL0=(65536-45872)%256;
  27   1        i++;
  28   1        if(i==20)
  29   1        {
  30   2         i=0;
  31   2         ctime--;
  32   2         if(ctime<0)
  33   2         {
  34   3          ctime=99;
  35   3        }
  36   2       }  
  37   1      }


MODULE INFORMATION:   STATIC OVERLAYABLE
   CODE SIZE        =    112    ----
   CONSTANT SIZE    =     10    ----
   XDATA SIZE       =   ----    ----
   PDATA SIZE       =   ----    ----
   DATA SIZE        =      2    ----
   IDATA SIZE       =   ----    ----
   BIT SIZE         =   ----    ----
END OF MODULE INFORMATION.


C51 COMPILATION COMPLETE.  0 WARNING(S),  0 ERROR(S)
